Reading netlist file: "/home/farhad/bin/gowin/uart/impl/gwsynthesis/uart.vg"
Parsing netlist file "/home/farhad/bin/gowin/uart/impl/gwsynthesis/uart.vg" completed
Processing netlist completed
Reading constraint file: "/home/farhad/bin/gowin/uart/src/io.cst"
Physical Constraint parsed completed
Running placement......
[10%] Placement Phase 0 completed
[20%] Placement Phase 1 completed
[30%] Placement Phase 2 completed
[50%] Placement Phase 3 completed
Running routing......
[60%] Routing Phase 0 completed
[70%] Routing Phase 1 completed
[80%] Routing Phase 2 completed
[90%] Routing Phase 3 completed
Running timing analysis......
[95%] Timing analysis completed
Placement and routing completed
Bitstream generation in progress......
Bitstream generation completed
Running power analysis......
[100%] Power analysis completed
Generate file "/home/farhad/bin/gowin/uart/impl/pnr/uart.power.html" completed
Generate file "/home/farhad/bin/gowin/uart/impl/pnr/uart.pin.html" completed
Generate file "/home/farhad/bin/gowin/uart/impl/pnr/uart.rpt.html" completed
Generate file "/home/farhad/bin/gowin/uart/impl/pnr/uart.rpt.txt" completed
Generate file "/home/farhad/bin/gowin/uart/impl/pnr/uart.tr.html" completed
Thu Jan 11 21:29:33 2024

